sphinx-build -b html -d build/doctrees   source build/html
Running Sphinx v1.1.3
loading pickled environment... done
[autosummary] generating autosummary for: developer/api/adapters_api/tottest.connections.serialadapter.rst, developer/api/adapters_api/tottest.connections.sshadapter.rst, developer/api/adapters_api/tottest.connections.telnetadapter.rst, developer/api/affectors_api/tottest.affectors.elexol.elexol.rst, developer/api/affectors_api/tottest.affectors.elexol.errors.rst, developer/api/affectors_api/tottest.affectors.elexol.naxxx.rst, developer/api/affectors_api/tottest.affectors.elexol.networkedpowersupply.rst, developer/api/base_api/timetorecovertest.baseclass.rst, developer/api/base_api/timetorecovertest.log_setter.rst, developer/api/base_api/timetorecovertest.main.rst, ..., user/usage/help.rst, user/usage/index.rst, user/usage/installation.rst, user/usage/using/adbcrash.rst, user/usage/using/index.rst, user/usage/using/output.rst, user/usage/using/running.rst, user/usage/using/setup.rst, user/usage/using/sl4acrash.rst, user/usage/using/ttrtest.rst
Failed to import 'tottest.infrastructure.countdowntimer': no module named tottest.infrastructure.countdowntimer
Failed to import 'tottest.infrastructure.testoperator': no module named tottest.infrastructure.testoperator
Failed to import 'tottest.config.configfetcher': no module named tottest.config.configfetcher
Failed to import 'tottest.info.helper': no module named tottest.info.helper
Failed to import 'tottest.infrastructure.crashhandler': no module named tottest.infrastructure.crashhandler
Failed to import 'tottest.infrastructure.builder': no module named tottest.infrastructure.builder
Failed to import 'tottest.config.config_options': no module named tottest.config.config_options
Failed to import 'tottest.infrastructure.teardown': no module named tottest.infrastructure.teardown
Failed to import 'tottest.infrastructure.strategerizer': no module named tottest.infrastructure.strategerizer
Failed to import 'tottest.config.parametergenerator': no module named tottest.config.parametergenerator
Failed to import 'tottest.config.configurationmap': no module named tottest.config.configurationmap
Failed to import 'tottest.config.lexicographer': no module named tottest.config.lexicographer
Failed to import 'tottest.infrastructure.data': no module named tottest.infrastructure.data
Failed to import 'tottest.infrastructure.hortator': no module named tottest.infrastructure.hortator
Failed to import 'tottest.infrastructure.setup': no module named tottest.infrastructure.setup
Failed to import 'tottest.infrastructure.argumentparser': no module named tottest.infrastructure.argumentparser
Failed to import 'tottest.infrastructure.enabledebugging': no module named tottest.infrastructure.enabledebugging
Failed to import 'tottest.tools.testsl4a': no module named tottest.tools.testsl4a
Failed to import 'tottest.infrastructure.errors': no module named tottest.infrastructure.errors
building [html]: targets for 0 source files that are out of date
updating environment: 0 added, 23 changed, 0 removed
reading sources... [  4%] developer/api/config_api/tottest.config.config_options
Traceback (most recent call last):
  File "/usr/local/lib/python2.7/dist-packages/sphinx/ext/autodoc.py", line 321, in import_object
    __import__(self.modname)
ImportError: No module named config.config_options
reading sources... [  8%] developer/api/config_api/tottest.config.configfetcher
Traceback (most recent call last):
  File "/usr/local/lib/python2.7/dist-packages/sphinx/ext/autodoc.py", line 321, in import_object
    __import__(self.modname)
ImportError: No module named config.configfetcher
reading sources... [ 13%] developer/api/config_api/tottest.config.configurationmap
Traceback (most recent call last):
  File "/usr/local/lib/python2.7/dist-packages/sphinx/ext/autodoc.py", line 321, in import_object
    __import__(self.modname)
ImportError: No module named config.configurationmap
reading sources... [ 17%] developer/api/config_api/tottest.config.lexicographer
Traceback (most recent call last):
  File "/usr/local/lib/python2.7/dist-packages/sphinx/ext/autodoc.py", line 321, in import_object
    __import__(self.modname)
ImportError: No module named config.lexicographer
reading sources... [ 21%] developer/api/config_api/tottest.config.parametergenerator
Traceback (most recent call last):
  File "/usr/local/lib/python2.7/dist-packages/sphinx/ext/autodoc.py", line 321, in import_object
    __import__(self.modname)
ImportError: No module named config.parametergenerator
reading sources... [ 26%] developer/api/info_api/tottest.info.helper
Traceback (most recent call last):
  File "/usr/local/lib/python2.7/dist-packages/sphinx/ext/autodoc.py", line 321, in import_object
    __import__(self.modname)
ImportError: No module named info.helper
reading sources... [ 30%] developer/api/infrastructure_api/tottest.infrastructure.argumentparser
Traceback (most recent call last):
  File "/usr/local/lib/python2.7/dist-packages/sphinx/ext/autodoc.py", line 321, in import_object
    __import__(self.modname)
ImportError: No module named infrastructure.argumentparser
reading sources... [ 34%] developer/api/infrastructure_api/tottest.infrastructure.builder
Traceback (most recent call last):
  File "/usr/local/lib/python2.7/dist-packages/sphinx/ext/autodoc.py", line 321, in import_object
    __import__(self.modname)
ImportError: No module named infrastructure.builder
reading sources... [ 39%] developer/api/infrastructure_api/tottest.infrastructure.countdowntimer
Traceback (most recent call last):
  File "/usr/local/lib/python2.7/dist-packages/sphinx/ext/autodoc.py", line 321, in import_object
    __import__(self.modname)
ImportError: No module named infrastructure.countdowntimer
reading sources... [ 43%] developer/api/infrastructure_api/tottest.infrastructure.crashhandler
Traceback (most recent call last):
  File "/usr/local/lib/python2.7/dist-packages/sphinx/ext/autodoc.py", line 321, in import_object
    __import__(self.modname)
ImportError: No module named infrastructure.crashhandler
reading sources... [ 47%] developer/api/infrastructure_api/tottest.infrastructure.data
Traceback (most recent call last):
  File "/usr/local/lib/python2.7/dist-packages/sphinx/ext/autodoc.py", line 321, in import_object
    __import__(self.modname)
ImportError: No module named infrastructure.data
reading sources... [ 52%] developer/api/infrastructure_api/tottest.infrastructure.enabledebugging
Traceback (most recent call last):
  File "/usr/local/lib/python2.7/dist-packages/sphinx/ext/autodoc.py", line 321, in import_object
    __import__(self.modname)
ImportError: No module named infrastructure.enabledebugging
reading sources... [ 56%] developer/api/infrastructure_api/tottest.infrastructure.errors
Traceback (most recent call last):
  File "/usr/local/lib/python2.7/dist-packages/sphinx/ext/autodoc.py", line 321, in import_object
    __import__(self.modname)
ImportError: No module named infrastructure.errors
reading sources... [ 60%] developer/api/infrastructure_api/tottest.infrastructure.hortator
Traceback (most recent call last):
  File "/usr/local/lib/python2.7/dist-packages/sphinx/ext/autodoc.py", line 321, in import_object
    __import__(self.modname)
ImportError: No module named infrastructure.hortator
reading sources... [ 65%] developer/api/infrastructure_api/tottest.infrastructure.setup
Traceback (most recent call last):
  File "/usr/local/lib/python2.7/dist-packages/sphinx/ext/autodoc.py", line 321, in import_object
    __import__(self.modname)
ImportError: No module named infrastructure.setup
reading sources... [ 69%] developer/api/infrastructure_api/tottest.infrastructure.strategerizer
Traceback (most recent call last):
  File "/usr/local/lib/python2.7/dist-packages/sphinx/ext/autodoc.py", line 321, in import_object
    __import__(self.modname)
ImportError: No module named infrastructure.strategerizer
reading sources... [ 73%] developer/api/infrastructure_api/tottest.infrastructure.teardown
Traceback (most recent call last):
  File "/usr/local/lib/python2.7/dist-packages/sphinx/ext/autodoc.py", line 321, in import_object
    __import__(self.modname)
ImportError: No module named infrastructure.teardown
reading sources... [ 78%] developer/api/infrastructure_api/tottest.infrastructure.testoperator
Traceback (most recent call last):
  File "/usr/local/lib/python2.7/dist-packages/sphinx/ext/autodoc.py", line 321, in import_object
    __import__(self.modname)
ImportError: No module named infrastructure.testoperator
reading sources... [ 82%] developer/api/tools_api/tottest.tools.testsl4a
Traceback (most recent call last):
  File "/usr/local/lib/python2.7/dist-packages/sphinx/ext/autodoc.py", line 321, in import_object
    __import__(self.modname)
ImportError: No module named testsl4a
reading sources... [ 86%] developer/connections/index
reading sources... [ 91%] developer/design/usecases/index
reading sources... [ 95%] developer/index
reading sources... [100%] developer/watchers/index

looking for now-outdated files... none found
pickling environment... done
checking consistency... done
preparing documents... done
writing output... [  4%] developer/api/config_api/tottest.config.config_options
writing output... [  8%] developer/api/config_api/tottest.config.configfetcher
writing output... [ 12%] developer/api/config_api/tottest.config.configurationmap
writing output... [ 16%] developer/api/config_api/tottest.config.lexicographer
writing output... [ 20%] developer/api/config_api/tottest.config.parametergenerator
writing output... [ 24%] developer/api/info_api/tottest.info.helper
writing output... [ 28%] developer/api/infrastructure_api/tottest.infrastructure.argumentparser
writing output... [ 32%] developer/api/infrastructure_api/tottest.infrastructure.builder
writing output... [ 36%] developer/api/infrastructure_api/tottest.infrastructure.countdowntimer
writing output... [ 40%] developer/api/infrastructure_api/tottest.infrastructure.crashhandler
writing output... [ 44%] developer/api/infrastructure_api/tottest.infrastructure.data
writing output... [ 48%] developer/api/infrastructure_api/tottest.infrastructure.enabledebugging
writing output... [ 52%] developer/api/infrastructure_api/tottest.infrastructure.errors
writing output... [ 56%] developer/api/infrastructure_api/tottest.infrastructure.hortator
writing output... [ 60%] developer/api/infrastructure_api/tottest.infrastructure.setup
writing output... [ 64%] developer/api/infrastructure_api/tottest.infrastructure.strategerizer
writing output... [ 68%] developer/api/infrastructure_api/tottest.infrastructure.teardown
writing output... [ 72%] developer/api/infrastructure_api/tottest.infrastructure.testoperator
writing output... [ 76%] developer/api/tools_api/tottest.tools.testsl4a
writing output... [ 80%] developer/connections/index
writing output... [ 84%] developer/design/index
writing output... [ 88%] developer/design/usecases/index
writing output... [ 92%] developer/index
writing output... [ 96%] developer/watchers/index
writing output... [100%] index

writing additional files... (85 module code pages) _modules/index
 genindex py-modindex search
copying static files... done
dumping search index... done
dumping object inventory... done
build succeeded, 77 warnings.

Build finished. The HTML pages are in build/html.
